[3.325s] Invoking command in '/home/parsa/ros2_workspace/src/my_robot_controller': PYTHONPATH=/home/parsa/ros2_workspace/build/my_robot_controller/prefix_override:/usr/lib/python3/dist-packages/colcon_core/task/python/colcon_distutils_commands:/home/parsa/ros2_workspace/install/my_robot_controller/lib/python3.10/site-packages:${PYTHONPATH} /usr/bin/python3 -W ignore:setup.py install is deprecated setup.py egg_info --egg-base ../../build/my_robot_controller build --build-base /home/parsa/ros2_workspace/build/my_robot_controller/build install --record /home/parsa/ros2_workspace/build/my_robot_controller/install.log --single-version-externally-managed install_data
[4.580s] running egg_info
[4.582s] writing ../../build/my_robot_controller/my_robot_controller.egg-info/PKG-INFO
[4.582s] writing dependency_links to ../../build/my_robot_controller/my_robot_controller.egg-info/dependency_links.txt
[4.583s] writing entry points to ../../build/my_robot_controller/my_robot_controller.egg-info/entry_points.txt
[4.584s] writing requirements to ../../build/my_robot_controller/my_robot_controller.egg-info/requires.txt
[4.584s] writing top-level names to ../../build/my_robot_controller/my_robot_controller.egg-info/top_level.txt
[4.592s] reading manifest file '../../build/my_robot_controller/my_robot_controller.egg-info/SOURCES.txt'
[4.597s] writing manifest file '../../build/my_robot_controller/my_robot_controller.egg-info/SOURCES.txt'
[4.597s] running build
[4.598s] running build_py
[4.598s] copying my_robot_controller/turtle_controller.py -> /home/parsa/ros2_workspace/build/my_robot_controller/build/lib/my_robot_controller
[4.599s] running install
[4.600s] running install_lib
[4.604s] copying /home/parsa/ros2_workspace/build/my_robot_controller/build/lib/my_robot_controller/turtle_controller.py -> /home/parsa/ros2_workspace/install/my_robot_controller/lib/python3.10/site-packages/my_robot_controller
[4.606s] byte-compiling /home/parsa/ros2_workspace/install/my_robot_controller/lib/python3.10/site-packages/my_robot_controller/turtle_controller.py to turtle_controller.cpython-310.pyc
[4.609s] running install_data
[4.609s] running install_egg_info
[4.626s] removing '/home/parsa/ros2_workspace/install/my_robot_controller/lib/python3.10/site-packages/my_robot_controller-0.0.0-py3.10.egg-info' (and everything under it)
[4.630s] Copying ../../build/my_robot_controller/my_robot_controller.egg-info to /home/parsa/ros2_workspace/install/my_robot_controller/lib/python3.10/site-packages/my_robot_controller-0.0.0-py3.10.egg-info
[4.635s] running install_scripts
[4.725s] Installing circle_node script to /home/parsa/ros2_workspace/install/my_robot_controller/lib/my_robot_controller
[4.725s] Installing pose_subscriber script to /home/parsa/ros2_workspace/install/my_robot_controller/lib/my_robot_controller
[4.726s] Installing test_node script to /home/parsa/ros2_workspace/install/my_robot_controller/lib/my_robot_controller
[4.726s] Installing turtle_controller script to /home/parsa/ros2_workspace/install/my_robot_controller/lib/my_robot_controller
[4.726s] writing list of installed files to '/home/parsa/ros2_workspace/build/my_robot_controller/install.log'
[4.833s] Invoked command in '/home/parsa/ros2_workspace/src/my_robot_controller' returned '0': PYTHONPATH=/home/parsa/ros2_workspace/build/my_robot_controller/prefix_override:/usr/lib/python3/dist-packages/colcon_core/task/python/colcon_distutils_commands:/home/parsa/ros2_workspace/install/my_robot_controller/lib/python3.10/site-packages:${PYTHONPATH} /usr/bin/python3 -W ignore:setup.py install is deprecated setup.py egg_info --egg-base ../../build/my_robot_controller build --build-base /home/parsa/ros2_workspace/build/my_robot_controller/build install --record /home/parsa/ros2_workspace/build/my_robot_controller/install.log --single-version-externally-managed install_data
