[0.372s] DEBUG:colcon:Command line arguments: ['/usr/bin/colcon', 'list', '-p', '--base-paths', '/home/parsa/ros2_workspace']
[0.372s] DEBUG:colcon:Parsed command line arguments: Namespace(log_base=None, log_level=None, verb_name='list', build_base='build', ignore_user_meta=False, metas=['./colcon.meta'], base_paths=['/home/parsa/ros2_workspace'], packages_ignore=None, packages_ignore_regex=None, paths=None, packages_up_to=None, packages_up_to_regex=None, packages_above=None, packages_above_and_dependencies=None, packages_above_depth=None, packages_select_by_dep=None, packages_skip_by_dep=None, packages_skip_up_to=None, packages_select_build_failed=False, packages_skip_build_finished=False, packages_select_test_failures=False, packages_skip_test_passed=False, packages_select=None, packages_skip=None, packages_select_regex=None, packages_skip_regex=None, packages_start=None, packages_end=None, allow_overriding=[], topological_order=False, names_only=False, paths_only=True, topological_graph=False, topological_graph_dot=False, topological_graph_density=False, topological_graph_legend=False, topological_graph_dot_cluster=False, topological_graph_dot_include_skipped=False, mixin_files=None, mixin=None, verb_parser=<colcon_mixin.mixin.mixin_argument.MixinArgumentDecorator object at 0x7aa874c681c0>, verb_extension=<colcon_package_information.verb.list.ListVerb object at 0x7aa874c33430>, main=<bound method ListVerb.main of <colcon_package_information.verb.list.ListVerb object at 0x7aa874c33430>>, mixin_verb=('list',))
[1.379s] Level 1:colcon.colcon_core.package_discovery:discover_packages(colcon_meta) check parameters
[1.379s] Level 1:colcon.colcon_core.package_discovery:discover_packages(recursive) check parameters
[1.380s] Level 1:colcon.colcon_core.package_discovery:discover_packages(ignore) check parameters
[1.380s] Level 1:colcon.colcon_core.package_discovery:discover_packages(path) check parameters
[1.380s] Level 1:colcon.colcon_core.package_discovery:discover_packages(recursive) discover
[1.380s] INFO:colcon.colcon_core.package_discovery:Crawling recursively for packages in '/home/parsa/ros2_workspace'
[1.380s] Level 1:colcon.colcon_core.package_identification:_identify(/home/parsa/ros2_workspace) by extensions ['ignore', 'ignore_ament_install']
[1.380s] Level 1:colcon.colcon_core.package_identification:_identify(/home/parsa/ros2_workspace) by extension 'ignore'
[1.380s] Level 1:colcon.colcon_core.package_identification:_identify(/home/parsa/ros2_workspace) by extension 'ignore_ament_install'
[1.381s] Level 1:colcon.colcon_core.package_identification:_identify(/home/parsa/ros2_workspace) by extensions ['colcon_pkg']
[1.381s] Level 1:colcon.colcon_core.package_identification:_identify(/home/parsa/ros2_workspace) by extension 'colcon_pkg'
[1.381s] Level 1:colcon.colcon_core.package_identification:_identify(/home/parsa/ros2_workspace) by extensions ['colcon_meta']
[1.381s] Level 1:colcon.colcon_core.package_identification:_identify(/home/parsa/ros2_workspace) by extension 'colcon_meta'
[1.381s] Level 1:colcon.colcon_core.package_identification:_identify(/home/parsa/ros2_workspace) by extensions ['ros']
[1.381s] Level 1:colcon.colcon_core.package_identification:_identify(/home/parsa/ros2_workspace) by extension 'ros'
[1.416s] Level 1:colcon.colcon_core.package_identification:_identify(/home/parsa/ros2_workspace) by extensions ['cmake', 'python']
[1.417s] Level 1:colcon.colcon_core.package_identification:_identify(/home/parsa/ros2_workspace) by extension 'cmake'
[1.417s] Level 1:colcon.colcon_core.package_identification:_identify(/home/parsa/ros2_workspace) by extension 'python'
[1.417s] Level 1:colcon.colcon_core.package_identification:_identify(/home/parsa/ros2_workspace) by extensions ['python_setup_py']
[1.417s] Level 1:colcon.colcon_core.package_identification:_identify(/home/parsa/ros2_workspace) by extension 'python_setup_py'
[1.449s] Level 1:colcon.colcon_core.package_identification:_identify(/home/parsa/ros2_workspace/build) by extensions ['ignore', 'ignore_ament_install']
[1.449s] Level 1:colcon.colcon_core.package_identification:_identify(/home/parsa/ros2_workspace/build) by extension 'ignore'
[1.452s] Level 1:colcon.colcon_core.package_identification:_identify(/home/parsa/ros2_workspace/build) ignored
[1.453s] Level 1:colcon.colcon_core.package_identification:_identify(/home/parsa/ros2_workspace/install) by extensions ['ignore', 'ignore_ament_install']
[1.454s] Level 1:colcon.colcon_core.package_identification:_identify(/home/parsa/ros2_workspace/install) by extension 'ignore'
[1.454s] Level 1:colcon.colcon_core.package_identification:_identify(/home/parsa/ros2_workspace/install) ignored
[1.458s] Level 1:colcon.colcon_core.package_identification:_identify(/home/parsa/ros2_workspace/log) by extensions ['ignore', 'ignore_ament_install']
[1.458s] Level 1:colcon.colcon_core.package_identification:_identify(/home/parsa/ros2_workspace/log) by extension 'ignore'
[1.459s] Level 1:colcon.colcon_core.package_identification:_identify(/home/parsa/ros2_workspace/log) ignored
[1.459s] Level 1:colcon.colcon_core.package_identification:_identify(/home/parsa/ros2_workspace/src) by extensions ['ignore', 'ignore_ament_install']
[1.459s] Level 1:colcon.colcon_core.package_identification:_identify(/home/parsa/ros2_workspace/src) by extension 'ignore'
[1.459s] Level 1:colcon.colcon_core.package_identification:_identify(/home/parsa/ros2_workspace/src) by extension 'ignore_ament_install'
[1.459s] Level 1:colcon.colcon_core.package_identification:_identify(/home/parsa/ros2_workspace/src) by extensions ['colcon_pkg']
[1.459s] Level 1:colcon.colcon_core.package_identification:_identify(/home/parsa/ros2_workspace/src) by extension 'colcon_pkg'
[1.459s] Level 1:colcon.colcon_core.package_identification:_identify(/home/parsa/ros2_workspace/src) by extensions ['colcon_meta']
[1.460s] Level 1:colcon.colcon_core.package_identification:_identify(/home/parsa/ros2_workspace/src) by extension 'colcon_meta'
[1.460s] Level 1:colcon.colcon_core.package_identification:_identify(/home/parsa/ros2_workspace/src) by extensions ['ros']
[1.460s] Level 1:colcon.colcon_core.package_identification:_identify(/home/parsa/ros2_workspace/src) by extension 'ros'
[1.462s] Level 1:colcon.colcon_core.package_identification:_identify(/home/parsa/ros2_workspace/src) by extensions ['cmake', 'python']
[1.462s] Level 1:colcon.colcon_core.package_identification:_identify(/home/parsa/ros2_workspace/src) by extension 'cmake'
[1.462s] Level 1:colcon.colcon_core.package_identification:_identify(/home/parsa/ros2_workspace/src) by extension 'python'
[1.462s] Level 1:colcon.colcon_core.package_identification:_identify(/home/parsa/ros2_workspace/src) by extensions ['python_setup_py']
[1.462s] Level 1:colcon.colcon_core.package_identification:_identify(/home/parsa/ros2_workspace/src) by extension 'python_setup_py'
[1.466s] Level 1:colcon.colcon_core.package_identification:_identify(/home/parsa/ros2_workspace/src/my_robot_controller) by extensions ['ignore', 'ignore_ament_install']
[1.466s] Level 1:colcon.colcon_core.package_identification:_identify(/home/parsa/ros2_workspace/src/my_robot_controller) by extension 'ignore'
[1.470s] Level 1:colcon.colcon_core.package_identification:_identify(/home/parsa/ros2_workspace/src/my_robot_controller) by extension 'ignore_ament_install'
[1.471s] Level 1:colcon.colcon_core.package_identification:_identify(/home/parsa/ros2_workspace/src/my_robot_controller) by extensions ['colcon_pkg']
[1.471s] Level 1:colcon.colcon_core.package_identification:_identify(/home/parsa/ros2_workspace/src/my_robot_controller) by extension 'colcon_pkg'
[1.472s] Level 1:colcon.colcon_core.package_identification:_identify(/home/parsa/ros2_workspace/src/my_robot_controller) by extensions ['colcon_meta']
[1.472s] Level 1:colcon.colcon_core.package_identification:_identify(/home/parsa/ros2_workspace/src/my_robot_controller) by extension 'colcon_meta'
[1.472s] Level 1:colcon.colcon_core.package_identification:_identify(/home/parsa/ros2_workspace/src/my_robot_controller) by extensions ['ros']
[1.472s] Level 1:colcon.colcon_core.package_identification:_identify(/home/parsa/ros2_workspace/src/my_robot_controller) by extension 'ros'
[1.511s] DEBUG:colcon.colcon_core.package_identification:Package '/home/parsa/ros2_workspace/src/my_robot_controller' with type 'ros.ament_python' and name 'my_robot_controller'
[1.511s] Level 1:colcon.colcon_core.package_discovery:discover_packages(recursive) using defaults
