[3.952s] DEBUG:colcon:Command line arguments: ['/usr/bin/colcon', 'build']
[3.952s] DEBUG:colcon:Parsed command line arguments: Namespace(log_base=None, log_level=None, verb_name='build', build_base='build', install_base='install', merge_install=False, symlink_install=False, test_result_base=None, continue_on_error=False, executor='parallel', parallel_workers=3, event_handlers=None, ignore_user_meta=False, metas=['./colcon.meta'], base_paths=['.'], packages_ignore=None, packages_ignore_regex=None, paths=None, packages_up_to=None, packages_up_to_regex=None, packages_above=None, packages_above_and_dependencies=None, packages_above_depth=None, packages_select_by_dep=None, packages_skip_by_dep=None, packages_skip_up_to=None, packages_select_build_failed=False, packages_skip_build_finished=False, packages_select_test_failures=False, packages_skip_test_passed=False, packages_select=None, packages_skip=None, packages_select_regex=None, packages_skip_regex=None, packages_start=None, packages_end=None, allow_overriding=[], cmake_args=None, cmake_target=None, cmake_target_skip_unavailable=False, cmake_clean_cache=False, cmake_clean_first=False, cmake_force_configure=False, ament_cmake_args=None, catkin_cmake_args=None, catkin_skip_building_tests=False, mixin_files=None, mixin=None, verb_parser=<colcon_mixin.mixin.mixin_argument.MixinArgumentDecorator object at 0x7524b30b36d0>, verb_extension=<colcon_core.verb.build.BuildVerb object at 0x7524b30b2d10>, main=<bound method BuildVerb.main of <colcon_core.verb.build.BuildVerb object at 0x7524b30b2d10>>, mixin_verb=('build',))
[13.010s] Level 1:colcon.colcon_core.package_discovery:discover_packages(colcon_meta) check parameters
[13.011s] Level 1:colcon.colcon_core.package_discovery:discover_packages(recursive) check parameters
[13.011s] Level 1:colcon.colcon_core.package_discovery:discover_packages(ignore) check parameters
[13.011s] Level 1:colcon.colcon_core.package_discovery:discover_packages(path) check parameters
[13.011s] Level 1:colcon.colcon_core.package_discovery:discover_packages(colcon_meta) discover
[13.011s] Level 1:colcon.colcon_core.package_discovery:discover_packages(recursive) discover
[13.011s] INFO:colcon.colcon_core.package_discovery:Crawling recursively for packages in '/home/parsa/ros2_workspace'
[13.012s] Level 1:colcon.colcon_core.package_identification:_identify(.) by extensions ['ignore', 'ignore_ament_install']
[13.012s] Level 1:colcon.colcon_core.package_identification:_identify(.) by extension 'ignore'
[13.012s] Level 1:colcon.colcon_core.package_identification:_identify(.) by extension 'ignore_ament_install'
[13.012s] Level 1:colcon.colcon_core.package_identification:_identify(.) by extensions ['colcon_pkg']
[13.016s] Level 1:colcon.colcon_core.package_identification:_identify(.) by extension 'colcon_pkg'
[13.017s] Level 1:colcon.colcon_core.package_identification:_identify(.) by extensions ['colcon_meta']
[13.017s] Level 1:colcon.colcon_core.package_identification:_identify(.) by extension 'colcon_meta'
[13.017s] Level 1:colcon.colcon_core.package_identification:_identify(.) by extensions ['ros']
[13.017s] Level 1:colcon.colcon_core.package_identification:_identify(.) by extension 'ros'
[13.075s] Level 1:colcon.colcon_core.package_identification:_identify(.) by extensions ['cmake', 'python']
[13.075s] Level 1:colcon.colcon_core.package_identification:_identify(.) by extension 'cmake'
[13.075s] Level 1:colcon.colcon_core.package_identification:_identify(.) by extension 'python'
[13.075s] Level 1:colcon.colcon_core.package_identification:_identify(.) by extensions ['python_setup_py']
[13.075s] Level 1:colcon.colcon_core.package_identification:_identify(.) by extension 'python_setup_py'
[13.075s] Level 1:colcon.colcon_core.package_identification:_identify(build) by extensions ['ignore', 'ignore_ament_install']
[13.076s] Level 1:colcon.colcon_core.package_identification:_identify(build) by extension 'ignore'
[13.078s] Level 1:colcon.colcon_core.package_identification:_identify(build) ignored
[13.079s] Level 1:colcon.colcon_core.package_identification:_identify(install) by extensions ['ignore', 'ignore_ament_install']
[13.079s] Level 1:colcon.colcon_core.package_identification:_identify(install) by extension 'ignore'
[13.079s] Level 1:colcon.colcon_core.package_identification:_identify(install) ignored
[13.079s] Level 1:colcon.colcon_core.package_identification:_identify(log) by extensions ['ignore', 'ignore_ament_install']
[13.079s] Level 1:colcon.colcon_core.package_identification:_identify(log) by extension 'ignore'
[13.079s] Level 1:colcon.colcon_core.package_identification:_identify(log) ignored
[13.079s] Level 1:colcon.colcon_core.package_identification:_identify(src) by extensions ['ignore', 'ignore_ament_install']
[13.080s] Level 1:colcon.colcon_core.package_identification:_identify(src) by extension 'ignore'
[13.080s] Level 1:colcon.colcon_core.package_identification:_identify(src) by extension 'ignore_ament_install'
[13.080s] Level 1:colcon.colcon_core.package_identification:_identify(src) by extensions ['colcon_pkg']
[13.084s] Level 1:colcon.colcon_core.package_identification:_identify(src) by extension 'colcon_pkg'
[13.085s] Level 1:colcon.colcon_core.package_identification:_identify(src) by extensions ['colcon_meta']
[13.086s] Level 1:colcon.colcon_core.package_identification:_identify(src) by extension 'colcon_meta'
[13.086s] Level 1:colcon.colcon_core.package_identification:_identify(src) by extensions ['ros']
[13.086s] Level 1:colcon.colcon_core.package_identification:_identify(src) by extension 'ros'
[13.087s] Level 1:colcon.colcon_core.package_identification:_identify(src) by extensions ['cmake', 'python']
[13.087s] Level 1:colcon.colcon_core.package_identification:_identify(src) by extension 'cmake'
[13.087s] Level 1:colcon.colcon_core.package_identification:_identify(src) by extension 'python'
[13.087s] Level 1:colcon.colcon_core.package_identification:_identify(src) by extensions ['python_setup_py']
[13.087s] Level 1:colcon.colcon_core.package_identification:_identify(src) by extension 'python_setup_py'
[13.087s] Level 1:colcon.colcon_core.package_identification:_identify(src/my_robot_controller) by extensions ['ignore', 'ignore_ament_install']
[13.088s] Level 1:colcon.colcon_core.package_identification:_identify(src/my_robot_controller) by extension 'ignore'
[13.088s] Level 1:colcon.colcon_core.package_identification:_identify(src/my_robot_controller) by extension 'ignore_ament_install'
[13.088s] Level 1:colcon.colcon_core.package_identification:_identify(src/my_robot_controller) by extensions ['colcon_pkg']
[13.090s] Level 1:colcon.colcon_core.package_identification:_identify(src/my_robot_controller) by extension 'colcon_pkg'
[13.091s] Level 1:colcon.colcon_core.package_identification:_identify(src/my_robot_controller) by extensions ['colcon_meta']
[13.091s] Level 1:colcon.colcon_core.package_identification:_identify(src/my_robot_controller) by extension 'colcon_meta'
[13.091s] Level 1:colcon.colcon_core.package_identification:_identify(src/my_robot_controller) by extensions ['ros']
[13.091s] Level 1:colcon.colcon_core.package_identification:_identify(src/my_robot_controller) by extension 'ros'
[13.195s] DEBUG:colcon.colcon_core.package_identification:Package 'src/my_robot_controller' with type 'ros.ament_python' and name 'my_robot_controller'
[13.196s] Level 1:colcon.colcon_core.package_discovery:discover_packages(recursive) using defaults
[13.196s] Level 1:colcon.colcon_core.package_discovery:discover_packages(ignore) discover
[13.196s] Level 1:colcon.colcon_core.package_discovery:discover_packages(ignore) using defaults
[13.196s] Level 1:colcon.colcon_core.package_discovery:discover_packages(path) discover
[13.196s] Level 1:colcon.colcon_core.package_discovery:discover_packages(path) using defaults
[14.154s] Level 1:colcon.colcon_core.package_discovery:discover_packages(prefix_path) check parameters
[14.155s] Level 1:colcon.colcon_core.package_discovery:discover_packages(prefix_path) discover
[14.392s] DEBUG:colcon.colcon_installed_package_information.package_discovery:Found 3 installed packages in /home/parsa/ros2_urdf_ws/install
[14.394s] DEBUG:colcon.colcon_installed_package_information.package_discovery:Found 3 installed packages in //home/parsa/ros2_urdf_ws/install
[14.400s] DEBUG:colcon.colcon_installed_package_information.package_discovery:Found 343 installed packages in /opt/ros/humble
[14.407s] Level 1:colcon.colcon_core.package_discovery:discover_packages(prefix_path) using defaults
[14.911s] Level 5:colcon.colcon_core.verb:set package 'my_robot_controller' build argument 'cmake_args' from command line to 'None'
[14.912s] Level 5:colcon.colcon_core.verb:set package 'my_robot_controller' build argument 'cmake_target' from command line to 'None'
[14.912s] Level 5:colcon.colcon_core.verb:set package 'my_robot_controller' build argument 'cmake_target_skip_unavailable' from command line to 'False'
[14.912s] Level 5:colcon.colcon_core.verb:set package 'my_robot_controller' build argument 'cmake_clean_cache' from command line to 'False'
[14.912s] Level 5:colcon.colcon_core.verb:set package 'my_robot_controller' build argument 'cmake_clean_first' from command line to 'False'
[14.912s] Level 5:colcon.colcon_core.verb:set package 'my_robot_controller' build argument 'cmake_force_configure' from command line to 'False'
[14.912s] Level 5:colcon.colcon_core.verb:set package 'my_robot_controller' build argument 'ament_cmake_args' from command line to 'None'
[14.912s] Level 5:colcon.colcon_core.verb:set package 'my_robot_controller' build argument 'catkin_cmake_args' from command line to 'None'
[14.912s] Level 5:colcon.colcon_core.verb:set package 'my_robot_controller' build argument 'catkin_skip_building_tests' from command line to 'False'
[14.912s] DEBUG:colcon.colcon_core.verb:Building package 'my_robot_controller' with the following arguments: {'ament_cmake_args': None, 'build_base': '/home/parsa/ros2_workspace/build/my_robot_controller', 'catkin_cmake_args': None, 'catkin_skip_building_tests': False, 'cmake_args': None, 'cmake_clean_cache': False, 'cmake_clean_first': False, 'cmake_force_configure': False, 'cmake_target': None, 'cmake_target_skip_unavailable': False, 'install_base': '/home/parsa/ros2_workspace/install/my_robot_controller', 'merge_install': False, 'path': '/home/parsa/ros2_workspace/src/my_robot_controller', 'symlink_install': False, 'test_result_base': None}
[14.912s] INFO:colcon.colcon_core.executor:Executing jobs using 'parallel' executor
[14.915s] DEBUG:colcon.colcon_parallel_executor.executor.parallel:run_until_complete
[14.916s] INFO:colcon.colcon_ros.task.ament_python.build:Building ROS package in '/home/parsa/ros2_workspace/src/my_robot_controller' with build type 'ament_python'
[14.916s] Level 1:colcon.colcon_core.shell:create_environment_hook('my_robot_controller', 'ament_prefix_path')
[15.064s] INFO:colcon.colcon_core.plugin_system:Skipping extension 'colcon_core.shell.bat': Not used on non-Windows systems
[15.067s] INFO:colcon.colcon_core.shell:Creating environment hook '/home/parsa/ros2_workspace/install/my_robot_controller/share/my_robot_controller/hook/ament_prefix_path.ps1'
[15.094s] INFO:colcon.colcon_core.shell:Creating environment descriptor '/home/parsa/ros2_workspace/install/my_robot_controller/share/my_robot_controller/hook/ament_prefix_path.dsv'
[15.225s] INFO:colcon.colcon_core.shell:Creating environment hook '/home/parsa/ros2_workspace/install/my_robot_controller/share/my_robot_controller/hook/ament_prefix_path.sh'
[15.232s] INFO:colcon.colcon_core.shell:Skip shell extension 'powershell' for command environment: Not usable outside of PowerShell
[15.232s] DEBUG:colcon.colcon_core.shell:Skip shell extension 'dsv' for command environment
[16.571s] INFO:colcon.colcon_core.task.python.build:Building Python package in '/home/parsa/ros2_workspace/src/my_robot_controller'
[16.572s] INFO:colcon.colcon_core.shell:Skip shell extension 'powershell' for command environment: Not usable outside of PowerShell
[16.572s] DEBUG:colcon.colcon_core.shell:Skip shell extension 'dsv' for command environment
[22.941s] DEBUG:colcon.colcon_core.event_handler.log_command:Invoking command in '/home/parsa/ros2_workspace/src/my_robot_controller': PYTHONPATH=/home/parsa/ros2_workspace/build/my_robot_controller/prefix_override:/usr/lib/python3/dist-packages/colcon_core/task/python/colcon_distutils_commands:/home/parsa/ros2_workspace/install/my_robot_controller/lib/python3.10/site-packages:${PYTHONPATH} /usr/bin/python3 -W ignore:setup.py install is deprecated setup.py egg_info --egg-base ../../build/my_robot_controller build --build-base /home/parsa/ros2_workspace/build/my_robot_controller/build install --record /home/parsa/ros2_workspace/build/my_robot_controller/install.log --single-version-externally-managed install_data
[24.548s] DEBUG:colcon.colcon_core.event_handler.log_command:Invoked command in '/home/parsa/ros2_workspace/src/my_robot_controller' returned '0': PYTHONPATH=/home/parsa/ros2_workspace/build/my_robot_controller/prefix_override:/usr/lib/python3/dist-packages/colcon_core/task/python/colcon_distutils_commands:/home/parsa/ros2_workspace/install/my_robot_controller/lib/python3.10/site-packages:${PYTHONPATH} /usr/bin/python3 -W ignore:setup.py install is deprecated setup.py egg_info --egg-base ../../build/my_robot_controller build --build-base /home/parsa/ros2_workspace/build/my_robot_controller/build install --record /home/parsa/ros2_workspace/build/my_robot_controller/install.log --single-version-externally-managed install_data
[24.748s] Level 1:colcon.colcon_core.environment:checking '/home/parsa/ros2_workspace/install/my_robot_controller' for CMake module files
[24.749s] Level 1:colcon.colcon_core.environment:checking '/home/parsa/ros2_workspace/install/my_robot_controller' for CMake config files
[24.756s] Level 1:colcon.colcon_core.environment:checking '/home/parsa/ros2_workspace/install/my_robot_controller/lib'
[24.756s] Level 1:colcon.colcon_core.environment:checking '/home/parsa/ros2_workspace/install/my_robot_controller/bin'
[24.757s] Level 1:colcon.colcon_core.environment:checking '/home/parsa/ros2_workspace/install/my_robot_controller/lib/pkgconfig/my_robot_controller.pc'
[24.757s] Level 1:colcon.colcon_core.environment:checking '/home/parsa/ros2_workspace/install/my_robot_controller/lib/python3.10/site-packages'
[24.761s] Level 1:colcon.colcon_core.shell:create_environment_hook('my_robot_controller', 'pythonpath')
[24.762s] INFO:colcon.colcon_core.shell:Creating environment hook '/home/parsa/ros2_workspace/install/my_robot_controller/share/my_robot_controller/hook/pythonpath.ps1'
[24.763s] INFO:colcon.colcon_core.shell:Creating environment descriptor '/home/parsa/ros2_workspace/install/my_robot_controller/share/my_robot_controller/hook/pythonpath.dsv'
[24.771s] INFO:colcon.colcon_core.shell:Creating environment hook '/home/parsa/ros2_workspace/install/my_robot_controller/share/my_robot_controller/hook/pythonpath.sh'
[24.774s] Level 1:colcon.colcon_core.environment:checking '/home/parsa/ros2_workspace/install/my_robot_controller/bin'
[24.774s] Level 1:colcon.colcon_core.environment:create_environment_scripts_only(my_robot_controller)
[24.775s] INFO:colcon.colcon_core.shell:Creating package script '/home/parsa/ros2_workspace/install/my_robot_controller/share/my_robot_controller/package.ps1'
[24.820s] INFO:colcon.colcon_core.shell:Creating package descriptor '/home/parsa/ros2_workspace/install/my_robot_controller/share/my_robot_controller/package.dsv'
[24.859s] INFO:colcon.colcon_core.shell:Creating package script '/home/parsa/ros2_workspace/install/my_robot_controller/share/my_robot_controller/package.sh'
[24.867s] INFO:colcon.colcon_core.shell:Creating package script '/home/parsa/ros2_workspace/install/my_robot_controller/share/my_robot_controller/package.bash'
[24.897s] INFO:colcon.colcon_core.shell:Creating package script '/home/parsa/ros2_workspace/install/my_robot_controller/share/my_robot_controller/package.zsh'
[24.947s] Level 1:colcon.colcon_core.environment:create_file_with_runtime_dependencies(/home/parsa/ros2_workspace/install/my_robot_controller/share/colcon-core/packages/my_robot_controller)
[24.950s] DEBUG:colcon.colcon_parallel_executor.executor.parallel:closing loop
[24.950s] DEBUG:colcon.colcon_parallel_executor.executor.parallel:loop closed
[24.950s] DEBUG:colcon.colcon_parallel_executor.executor.parallel:run_until_complete finished with '0'
[24.951s] DEBUG:colcon.colcon_core.event_reactor:joining thread
[25.027s] INFO:colcon.colcon_core.plugin_system:Skipping extension 'colcon_notification.desktop_notification.terminal_notifier': Not used on non-Darwin systems
[25.028s] INFO:colcon.colcon_core.plugin_system:Skipping extension 'colcon_notification.desktop_notification.win32': Not used on non-Windows systems
[25.028s] INFO:colcon.colcon_notification.desktop_notification:Sending desktop notification using 'notify2'
[25.088s] DEBUG:colcon.colcon_core.event_reactor:joined thread
[25.091s] INFO:colcon.colcon_core.shell:Creating prefix script '/home/parsa/ros2_workspace/install/local_setup.ps1'
[25.131s] INFO:colcon.colcon_core.shell:Creating prefix util module '/home/parsa/ros2_workspace/install/_local_setup_util_ps1.py'
[25.259s] INFO:colcon.colcon_core.shell:Creating prefix chain script '/home/parsa/ros2_workspace/install/setup.ps1'
[25.266s] INFO:colcon.colcon_core.shell:Creating prefix script '/home/parsa/ros2_workspace/install/local_setup.sh'
[25.268s] INFO:colcon.colcon_core.shell:Creating prefix util module '/home/parsa/ros2_workspace/install/_local_setup_util_sh.py'
[25.272s] INFO:colcon.colcon_core.shell:Creating prefix chain script '/home/parsa/ros2_workspace/install/setup.sh'
[25.282s] INFO:colcon.colcon_core.shell:Creating prefix script '/home/parsa/ros2_workspace/install/local_setup.bash'
[25.360s] INFO:colcon.colcon_core.shell:Creating prefix chain script '/home/parsa/ros2_workspace/install/setup.bash'
[25.367s] INFO:colcon.colcon_core.shell:Creating prefix script '/home/parsa/ros2_workspace/install/local_setup.zsh'
[25.370s] INFO:colcon.colcon_core.shell:Creating prefix chain script '/home/parsa/ros2_workspace/install/setup.zsh'
