[1.399s] Invoking command in '/home/parsa/ros2_workspace/src/my_robot_controller': PYTHONPATH=/home/parsa/ros2_workspace/build/my_robot_controller/prefix_override:/usr/lib/python3/dist-packages/colcon_core/task/python/colcon_distutils_commands:/home/parsa/ros2_workspace/install/my_robot_controller/lib/python3.10/site-packages:${PYTHONPATH} /usr/bin/python3 -W ignore:setup.py install is deprecated setup.py egg_info --egg-base ../../build/my_robot_controller build --build-base /home/parsa/ros2_workspace/build/my_robot_controller/build install --record /home/parsa/ros2_workspace/build/my_robot_controller/install.log --single-version-externally-managed install_data
[1.897s] running egg_info
[1.899s] writing ../../build/my_robot_controller/my_robot_controller.egg-info/PKG-INFO
[1.899s] writing dependency_links to ../../build/my_robot_controller/my_robot_controller.egg-info/dependency_links.txt
[1.899s] writing entry points to ../../build/my_robot_controller/my_robot_controller.egg-info/entry_points.txt
[1.900s] writing requirements to ../../build/my_robot_controller/my_robot_controller.egg-info/requires.txt
[1.901s] writing top-level names to ../../build/my_robot_controller/my_robot_controller.egg-info/top_level.txt
[1.903s] reading manifest file '../../build/my_robot_controller/my_robot_controller.egg-info/SOURCES.txt'
[1.906s] writing manifest file '../../build/my_robot_controller/my_robot_controller.egg-info/SOURCES.txt'
[1.906s] running build
[1.906s] running build_py
[1.906s] copying my_robot_controller/draw_circle.py -> /home/parsa/ros2_workspace/build/my_robot_controller/build/lib/my_robot_controller
[1.907s] running install
[1.907s] running install_lib
[1.908s] copying /home/parsa/ros2_workspace/build/my_robot_controller/build/lib/my_robot_controller/draw_circle.py -> /home/parsa/ros2_workspace/install/my_robot_controller/lib/python3.10/site-packages/my_robot_controller
[1.910s] byte-compiling /home/parsa/ros2_workspace/install/my_robot_controller/lib/python3.10/site-packages/my_robot_controller/draw_circle.py to draw_circle.cpython-310.pyc
[1.911s] running install_data
[1.911s] running install_egg_info
[1.914s] removing '/home/parsa/ros2_workspace/install/my_robot_controller/lib/python3.10/site-packages/my_robot_controller-0.0.0-py3.10.egg-info' (and everything under it)
[1.917s] Copying ../../build/my_robot_controller/my_robot_controller.egg-info to /home/parsa/ros2_workspace/install/my_robot_controller/lib/python3.10/site-packages/my_robot_controller-0.0.0-py3.10.egg-info
[1.918s] running install_scripts
[1.959s] Installing circle_node script to /home/parsa/ros2_workspace/install/my_robot_controller/lib/my_robot_controller
[1.960s] Installing test_node script to /home/parsa/ros2_workspace/install/my_robot_controller/lib/my_robot_controller
[1.960s] writing list of installed files to '/home/parsa/ros2_workspace/build/my_robot_controller/install.log'
[2.006s] Invoked command in '/home/parsa/ros2_workspace/src/my_robot_controller' returned '0': PYTHONPATH=/home/parsa/ros2_workspace/build/my_robot_controller/prefix_override:/usr/lib/python3/dist-packages/colcon_core/task/python/colcon_distutils_commands:/home/parsa/ros2_workspace/install/my_robot_controller/lib/python3.10/site-packages:${PYTHONPATH} /usr/bin/python3 -W ignore:setup.py install is deprecated setup.py egg_info --egg-base ../../build/my_robot_controller build --build-base /home/parsa/ros2_workspace/build/my_robot_controller/build install --record /home/parsa/ros2_workspace/build/my_robot_controller/install.log --single-version-externally-managed install_data
